---------------------------------------------------------------
[ 2020-07-05T07:47:06+08:00 ] 127.0.0.1 127.0.0.1 GET /
[ info ] www.task.jp/ [运行时间：0.088087s][吞吐率：11.35req/s] [内存消耗：1,879.89kb] [文件加载：58]
[ info ] [ LANG ] G:\www\task\thinkphp\lang\zh-cn.php
[ info ] [ ROUTE ] array (
  'type' => 'module',
  'module' => 
  array (
    0 => '',
    1 => NULL,
    2 => NULL,
  ),
)
[ info ] [ HEADER ] array (
  'cookie' => 'PHPSESSID=ugelcfleanqhhl21als86n6v4h',
  'accept-language' => 'zh-JP,zh;q=0.9,ja-JP;q=0.8,ja;q=0.7,zh-CN;q=0.6',
  'accept-encoding' => 'gzip, deflate',
  'accept' => 'text/html,application/xhtml+xml,application/xml;q=0.9,image/webp,image/apng,*/*;q=0.8,application/signed-exchange;v=b3;q=0.9',
  'user-agent' => 'Mozilla/5.0 (Windows NT 10.0; Win64; x64) AppleWebKit/537.36 (KHTML, like Gecko) Chrome/83.0.4103.116 Safari/537.36',
  'upgrade-insecure-requests' => '1',
  'cache-control' => 'max-age=0',
  'connection' => 'keep-alive',
  'host' => 'www.task.jp',
  'content-length' => '',
  'content-type' => '',
)
[ info ] [ PARAM ] array (
)
[ info ] [ RUN ] app\index\controller\Index->index[ G:\www\task\application\index\controller\Index.php ]
[ info ] [ VIEW ] G:\www\task\public/../application/index\view\index\index.html [ array (
) ]
[ info ] [ LOG ] INIT File
